<?xml version="1.0" encoding="UTF-8"?>
<!-- Generated by org.testng.reporters.JUnitXMLReporter -->
<testsuite ignored="0" hostname="LAPTOP-SIPBBGJH" failures="0" tests="4" name="Default test" time="19.362" errors="0" timestamp="2024-03-31T20:57:12 EDT">
  <testcase classname="testnghw.EtsyTest" name="logintitleTest" time="0.012"/>
  <testcase classname="testnghw.EtsyTest" name="logoSvgEleTest" time="0.038"/>
  <testcase classname="testnghw.EtsyTest" name="logoTest" time="0.037"/>
  <testcase classname="testnghw.EtsyTest" name="searchBoxTest" time="0.029"/>
</testsuite> <!-- Default test -->
