<?xml version="1.0" encoding="UTF-8"?>
<!-- Generated by org.testng.reporters.JUnitXMLReporter -->
<testsuite ignored="0" hostname="LAPTOP-SIPBBGJH" failures="0" tests="3" name="GoogleTest" time="6.617" errors="0" timestamp="2024-03-31T21:09:15 EDT">
  <testcase classname="testngsessions.GoogleTest" name="allAppsIconTest" time="0.05"/>
  <testcase classname="testngsessions.GoogleTest" name="logoTest" time="0.052"/>
  <testcase classname="testngsessions.GoogleTest" name="titleTest" time="0.009"/>
</testsuite> <!-- GoogleTest -->
