<?xml version="1.0" encoding="UTF-8"?>
<!-- Generated by org.testng.reporters.JUnitXMLReporter -->
<testsuite ignored="0" hostname="LAPTOP-SIPBBGJH" failures="0" tests="3" name="StaplesTest" time="17.759" errors="0" timestamp="2024-03-31T21:09:33 EDT">
  <testcase classname="testnghw.StaplesTest" name="cartIconTest" time="0.037"/>
  <testcase classname="testnghw.StaplesTest" name="searchBoxTest" time="0.027"/>
  <testcase classname="testnghw.StaplesTest" name="titleTest" time="0.008"/>
</testsuite> <!-- StaplesTest -->
